<?xml version="1.0" encoding="UTF-8"?>
<testng-results ignored="0" total="2" passed="2" failed="0" skipped="0">
  <reporter-output>
  </reporter-output>
  <suite started-at="2021-10-20T12:12:18 IST" name="Default suite" finished-at="2021-10-20T12:12:35 IST" duration-ms="16510">
    <groups>
    </groups>
    <test started-at="2021-10-20T12:12:18 IST" name="Default test" finished-at="2021-10-20T12:12:35 IST" duration-ms="16510">
      <class name="TESTNG.logout">
        <test-method signature="preCondition()[pri:0, instance:TESTNG.logout@18ce0030]" started-at="2021-10-20T12:12:18 IST" name="preCondition" finished-at="2021-10-20T12:12:30 IST" duration-ms="12176" status="PASS">
          <reporter-output>
          </reporter-output>
        </test-method> <!-- preCondition -->
        <test-method signature="logoutbtn()[pri:1, instance:TESTNG.logout@18ce0030]" started-at="2021-10-20T12:12:30 IST" name="logoutbtn" finished-at="2021-10-20T12:12:35 IST" duration-ms="4165" status="PASS">
          <reporter-output>
          </reporter-output>
        </test-method> <!-- logoutbtn -->
      </class> <!-- TESTNG.logout -->
    </test> <!-- Default test -->
  </suite> <!-- Default suite -->
</testng-results>
