<?xml version="1.0" encoding="UTF-8"?>
<!-- Generated by org.testng.reporters.JUnitXMLReporter -->
<testsuite ignored="0" hostname="DESKTOP-T49CL0N" failures="0" tests="24" name="editbox" time="241.05" errors="0" timestamp="2021-10-18T13:04:12 IST">
  <testcase classname="TESTNG.cart" name="testurl" time="23.874"/>
  <testcase classname="TESTNG.cart" name="loginform" time="7.891"/>
  <testcase classname="TESTNG.cart" name="addingitems" time="0.974"/>
  <testcase classname="TESTNG.cart" name="shopagain" time="0.34"/>
  <testcase classname="TESTNG.cart" name="checkout" time="0.71"/>
  <testcase classname="TESTNG.cart" name="lastcheckout" time="0.381"/>
  <testcase classname="TESTNG.exceldata" name="username" time="15.611"/>
  <testcase classname="TESTNG.exceldata" name="username" time="16.348"/>
  <testcase classname="TESTNG.exceldata" name="username" time="9.845"/>
  <testcase classname="TESTNG.exceldata" name="username" time="8.869"/>
  <testcase classname="TESTNG.exceldata" name="username" time="9.811"/>
  <testcase classname="TESTNG.exceldata" name="username" time="15.56"/>
  <testcase classname="TESTNG.exceldata" name="username" time="18.525"/>
  <testcase classname="TESTNG.exceldata" name="username" time="11.853"/>
  <testcase classname="TESTNG.exceldata" name="username" time="13.701"/>
  <testcase classname="TESTNG.exceldata" name="username" time="12.295"/>
  <testcase classname="TESTNG.exceldata" name="username" time="18.21"/>
  <testcase classname="TESTNG.exceldata" name="username" time="21.314"/>
  <testcase classname="TESTNG.exceldata" name="username" time="13.2"/>
  <testcase classname="TESTNG.exceldata" name="username" time="10.226"/>
  <testcase classname="TESTNG.login" name="preCondition" time="9.456"/>
  <testcase classname="TESTNG.login" name="loginFunctionality" time="0.547"/>
  <testcase classname="TESTNG.login" name="addingtocart" time="0.279"/>
  <testcase classname="TESTNG.login" name="filterfunction" time="0.736"/>
</testsuite> <!-- editbox -->
